<?xml version="1.0" encoding="utf-8"?>
<page xmlns:x="http://xfresh.sf.net/ext">

    <x:auth/>

</page>
