<?xml version="1.0" encoding="windows-1251"?>
<!DOCTYPE beans PUBLIC "-//SPRING//DTD BEAN 2.0//EN" "http://www.springframework.org/dtd/spring-beans-2.0.dtd">
<beans default-lazy-init="true" default-autowire="byName">
    <!--Spring helpers-->
    <bean class="org.springframework.beans.factory.annotation.RequiredAnnotationBeanPostProcessor"/>

    <!--Jetty beans-->
    <bean id="serverInitializer" class="net.sf.xfresh.jetty.JettyServerInitializer">
        <property name="port" value="33333"/>
        <property name="maxThreads" value="10"/>
        <property name="handlers">
            <list>
                <bean class="net.sf.xfresh.jetty.YaletXmlPageHandler">
                    <property name="resourceBase" value="./core/src/test"/>
                </bean>
                <bean class="org.mortbay.jetty.handler.ResourceHandler">
                    <property name="resourceBase" value="./core/src/test"/>
                </bean>
            </list>
        </property>
    </bean>

    <!--Fresh core beans-->
    <bean id="yaletProcessor" class="net.sf.xfresh.core.YaletProcessor">
        <property name="encoding" value="utf-8"/>
    </bean>

    <bean id="yaletSupport" class="net.sf.xfresh.ext.ExtYaletSupport">
        <property name="resourceBase" value="./core/src/test"/>
    </bean>


    <bean id="yaletResolver" class="net.sf.xfresh.core.spring.SpringYaletResolver"/>

    <bean id="saxGenerator" class="net.sf.xfresh.core.sax.DefaultSaxGenerator"/>

    <bean id="singleYaletProcessor" class="net.sf.xfresh.core.impl.DefaultSingleYaletProcessor">
        <property name="addAdditionalInfo" value="false"/>
    </bean>

    <!--Yalets-->
    <bean id="addTestInfoYalet" class="net.sf.xfresh.mock.DoNothingYalet"/>

    <bean id="remoteAddrYalet" class="net.sf.xfresh.mock.RemoteAddrYalet"/>

    <bean id="ruStringYalet" class="net.sf.xfresh.mock.RuStringYalet"/>

    <bean id="redirectYalet" class="net.sf.xfresh.mock.RedirectYalet"/>

    <bean id="sleepYalet" class="net.sf.xfresh.mock.SleepYalet"/>

    <bean id="addCookieYalet" class="net.sf.xfresh.mock.AddCookieYalet"/>
</beans>
