<?xml version="1.0" encoding="utf-8"?>
<?xml-stylesheet type="text/xsl" href="test-js-1.xsl"?>
<page xmlns:x="http://xfresh.sf.net/ext">
    <out-example>
        <x:js>
            var i = request.getIntParameter('param_1', 1);
            out = i;
        </x:js>
    </out-example>
    <x:js>
        // just processing example
        i = i + 1000;
    </x:js>
    <out-example>
        <x:js>
            out = i;
        </x:js>
    </out-example>
    <x:http url="js: return 'http://localhost:33333/test.xml?_ox'"/>
</page>
